<?xml version="1.0" encoding="UTF-8"?>
<!-- Generated by org.testng.reporters.JUnitReportReporter -->
<testsuite hostname="user" failures="0" tests="2" name="testcases.scenario1" time="57.905" errors="0" timestamp="7 Mar 2021 10:32:58 GMT">
  <testcase classname="testcases.scenario1" name="openWebSite" time="14.394"/>
  <testcase classname="testcases.scenario1" name="ShopWorkFlowSteps" time="43.511"/>
</testsuite> <!-- testcases.scenario1 -->
