<?xml version="1.0" encoding="UTF-8"?>
<!-- Generated by org.testng.reporters.JUnitReportReporter -->
<testsuite hostname="user" failures="0" tests="2" name="testcases.TestScenario" time="53.293" errors="0" timestamp="7 Mar 2021 11:47:46 GMT">
  <testcase classname="testcases.TestScenario" name="openWebSite" time="12.776"/>
  <testcase classname="testcases.TestScenario" name="ShopWorkFlowSteps" time="40.517"/>
</testsuite> <!-- testcases.TestScenario -->
